<?xml version="1.0" encoding="UTF-8"?>
<!-- Generated by org.testng.reporters.JUnitReportReporter -->
<testsuite hostname="Flynn" failures="0" tests="1" name="testCases.TC_001_AccountRegistrationTest" time="3.594" errors="0" timestamp="2023-03-25T17:06:56 IST" skipped="0">
  <testcase classname="testCases.TC_001_AccountRegistrationTest" name="test_account_Registration" time="3.594"/>
  <system-out/>
</testsuite> <!-- testCases.TC_001_AccountRegistrationTest -->
