<?xml version="1.0" encoding="UTF-8"?>
<!-- Generated by org.testng.reporters.JUnitReportReporter -->
<testsuite hostname="Flynn" failures="0" tests="1" name="testCases.TC_002_LoginTest" time="1.533" errors="0" timestamp="2023-04-30T16:04:47 IST" skipped="0">
  <testcase classname="testCases.TC_002_LoginTest" name="test_Login" time="1.533"/>
  <system-out/>
</testsuite> <!-- testCases.TC_002_LoginTest -->
